-------------------------------------------------
The trace creation timestamp is: Чт мар 19 08:43:47 15
The executable build timestamp is: Чт окт 09 19:27:46 14
The datecode is: 2014350
The pro machine type is: i486_nt
The process ID is: 5852
The traceback type is : CRASH
-------------------------------------------------
Exception EXCEPTION_ACCESS_VIOLATION has occurred in the thread 4656.

Main Thread 4656
=====================
0x05A8301D	NULL (NULL:0) (xtop:0x009C0000) ( 0x3c808f70, 0xe, 0xd9ceae8, 0x37285820 ) 
0x043B1024	NULL (NULL:0) (xtop:0x009C0000) ( 0xd9ceb10, 0x1, 0xd9ceb28, 0x43b85b9 ) 
0x043B8324	NULL (NULL:0) (xtop:0x009C0000) ( 0xd9ceb10, 0xc0, 0x0, 0x7649e240 ) 
0x043B85B9	NULL (NULL:0) (xtop:0x009C0000) ( 0x3e9, 0xd9ceb50, 0xc0, 0x0 ) 
0x062F7F7E	NULL (NULL:0) (xtop:0x009C0000) ( 0x22b80360, 0xd9cebc4, 0xc0, 0x0 ) 
0x0667592B	NULL (NULL:0) (xtop:0x009C0000) ( 0x22b80360, 0xd9cec84, 0xbb9, 0x402e42 ) 
0x0668F805	NULL (NULL:0) (xtop:0x009C0000) ( 0xd9cec84, 0xd9cecd8, 0x688ac0ba, 0x22b80360 ) 
0x0663895A	NULL (NULL:0) (xtop:0x009C0000) ( 0x22b80360, 0xd9cec84, 0x4, 0x3bf08bb0 ) 
0x688AC0BA	NULL (NULL:0) (libui_sh:0x687F0000) ( 0x4, 0x0, 0x3bf08bb0, 0x0 ) 
0x062FC66E	NULL (NULL:0) (xtop:0x009C0000) ( 0x4, 0x3bf08bb0, 0x1, 0x1 ) 
0x6A33C370	NULL (NULL:0) (coreutils_sh:0x6A2B0000) ( 0x0, 0x0, 0x2, 0xd9cedec ) 
0x06316CA1	NULL (NULL:0) (xtop:0x009C0000) ( 0xd9cee00, 0x5000011, 0x5000011, 0xd9cee50 ) 
0x6DA24BBE	NULL (NULL:0) (coretools_sh:0x6D990000) ( 0xa46b974, 0xd9cee00, 0x2, 0x6316c90 ) 
0x0631D93D	NULL (NULL:0) (xtop:0x009C0000) ( 0x0, 0x5000011, 0x0, 0xd9ceec0 ) 
0x03D7141B	NULL (NULL:0) (xtop:0x009C0000) ( 0xa0d9b08, 0x0, 0x3ab0d040, 0x0 ) 
0x037DE75E	NULL (NULL:0) (xtop:0x009C0000) ( 0x5000011, 0xd9ceee0, 0x5000011, 0x0 ) 
0x033A1F8A	NULL (NULL:0) (xtop:0x009C0000) ( 0x3ab0d040, 0x0, 0x3ab0d040, 0x2 ) 
0x033C028A	NULL (NULL:0) (xtop:0x009C0000) ( 0x2, 0xd9cf28c, 0x0, 0xd9cf440 ) 
0x033DC549	NULL (NULL:0) (xtop:0x009C0000) ( 0x2, 0xd9cf44c, 0xd9cf440, 0x0 ) 
0x033DCCC2	NULL (NULL:0) (xtop:0x009C0000) ( 0xd9cf44c, 0xd9cf440, 0x3e9, 0x22c89a28 ) 
0x037DDCC4	NULL (NULL:0) (xtop:0x009C0000) ( 0xd9cf44c, 0xd9cf438, 0xd9cf440, 0x22c89a28 ) 
0x033C27A3	NULL (NULL:0) (xtop:0x009C0000) ( 0x3e9, 0x1, 0x1c3bc268, 0x68a2ab22 ) 
0x033BA26B	NULL (NULL:0) (xtop:0x009C0000) ( 0x0, 0x800000, 0x0, 0xd9ce658 ) 
0x6896B6E6	NULL (NULL:0) (libui_sh:0x687F0000) ( 0x1c3bc268, 0x800000, 0x1c811ef0, 0x0 ) 
0x05B87664	NULL (NULL:0) (xtop:0x009C0000) ( 0x6311360, 0x0, 0x0, 0x0 ) 
0x05B82895	NULL (NULL:0) (xtop:0x009C0000) ( 0x0, 0x1c0c5b48, 0x1c0c5b70, 0x0 ) 
0x06311943	NULL (NULL:0) (xtop:0x009C0000) ( 0x3, 0x0, 0x0, 0x0 ) 
0x6A33C370	NULL (NULL:0) (coreutils_sh:0x6A2B0000) ( 0x0, 0x0, 0x2, 0xd9cfbd8 ) 
0x06316CA1	NULL (NULL:0) (xtop:0x009C0000) ( 0xd9cfbec, 0x1, 0x0, 0xd9cfc3c ) 
0x6DA24BBE	NULL (NULL:0) (coretools_sh:0x6D990000) ( 0xa46b974, 0xd9cfbec, 0x2, 0x6316c90 ) 
0x0631D93D	NULL (NULL:0) (xtop:0x009C0000) ( 0x9fa0650, 0x0, 0x0, 0x0 ) 
0x033DC9A0	NULL (NULL:0) (xtop:0x009C0000) ( 0xd9cfe68, 0x73f8de2, 0xd9cfea4, 0x73f8ce5 ) 
0x01BE2AFC	NULL (NULL:0) (xtop:0x009C0000) ( 0xd9cfea4, 0x73f8ce5, 0x4, 0xc7c85b8 ) 
0x073F8DE2	NULL (NULL:0) (xtop:0x009C0000) ( 0x4, 0xc7c85b8, 0x1, 0xc7c8684 ) 
0x073F8CE5	NULL (NULL:0) (xtop:0x009C0000) ( 0x4, 0xc7c85b8, 0x0, 0x476416 ) 
0x062706BB	NULL (NULL:0) (xtop:0x009C0000) ( 0x9c0000, 0x0, 0x476416, 0xa ) 
0x0187964F	NULL (NULL:0) (xtop:0x009C0000) ( 0xfffde000, 0xd9cff58, 0x77b19f72, 0xfffde000 ) 
0x763E338A	NULL (NULL:0) (kernel32:0x763D0000) ( 0xfffde000, 0x7801d3fb, 0x0, 0x0 ) 
0x77B19F72	NULL (NULL:0) (ntdll:0x77AE0000) ( 0x1879523, 0xfffde000, 0x0, 0x0 ) 

Thread 5296
=====================
0x77AFF8D1	NULL (NULL:0) (ntdll:0x77AE0000) ( 0x284, 0x1f4, 0x0, 0xdb393b8 ) 
0x763E1194	NULL (NULL:0) (kernel32:0x763D0000) ( 0x284, 0x1f4, 0x0, 0x104efc78 ) 
0x763E1148	NULL (NULL:0) (kernel32:0x763D0000) ( 0x284, 0x1f4, 0xdb39598, 0xdb393b8 ) 
0x7400AFEF	NULL (NULL:0) (asyncoremt:0x73FE0000) ( 0xdb393b8, 0xdb393f0, 0xdb8f7f8, 0xdb39598 ) 
0x740062AE	NULL (NULL:0) (asyncoremt:0x73FE0000) ( 0xdb393f0, 0x0, 0x408b70, 0x4354b0 ) 
0x74006694	NULL (NULL:0) (asyncoremt:0x73FE0000) ( 0xdb393f0, 0x3900f5fd, 0x0, 0x408b70 ) 
0x6AD4F2E9	NULL (NULL:0) (MSVCR110:0x6AD20000) ( 0x0, 0x104efd10, 0x763e338a, 0x4354b0 ) 
0x6AD4F2CD	NULL (NULL:0) (MSVCR110:0x6AD20000) ( 0x4354b0, 0x104efd50, 0x77b19f72, 0x4354b0 ) 
0x763E338A	NULL (NULL:0) (kernel32:0x763D0000) ( 0x4354b0, 0x65d3d1f3, 0x0, 0x0 ) 
0x77B19F72	NULL (NULL:0) (ntdll:0x77AE0000) ( 0x6ad4f28e, 0x4354b0, 0x0, 0x0 ) 

Thread 2364
=====================
0x77B0015D	NULL (NULL:0) (ntdll:0x77AE0000) ( 0x10e3fbc8, 0x10e3fc3c, 0x0, 0xffffffff ) 
0x763E19F8	NULL (NULL:0) (kernel32:0x763D0000) ( 0x2, 0xfffde000, 0x0, 0xffffffff ) 
0x75EB086A	NULL (NULL:0) (USER32:0x75E90000) ( 0x2c0, 0xdb39468, 0xffffffff, 0x4ff ) 
0x7400AEFC	NULL (NULL:0) (asyncoremt:0x73FE0000) ( 0x0, 0x427fb8, 0x3fc090, 0xdb39440 ) 
0x7400653D	NULL (NULL:0) (asyncoremt:0x73FE0000) ( 0xdb39440, 0xdb39478, 0xdb8f7f8, 0xdb39870 ) 
0x740062AE	NULL (NULL:0) (asyncoremt:0x73FE0000) ( 0xdb39478, 0x0, 0x4383b0, 0x435878 ) 
0x74006694	NULL (NULL:0) (asyncoremt:0x73FE0000) ( 0xdb39478, 0x39adf4e5, 0x0, 0x4383b0 ) 
0x6AD4F2E9	NULL (NULL:0) (MSVCR110:0x6AD20000) ( 0x0, 0x10e3fdf8, 0x763e338a, 0x435878 ) 
0x6AD4F2CD	NULL (NULL:0) (MSVCR110:0x6AD20000) ( 0x435878, 0x10e3fe38, 0x77b19f72, 0x435878 ) 
0x763E338A	NULL (NULL:0) (kernel32:0x763D0000) ( 0x435878, 0x657ed29b, 0x0, 0x0 ) 
0x77B19F72	NULL (NULL:0) (ntdll:0x77AE0000) ( 0x6ad4f28e, 0x435878, 0x0, 0x0 ) 

Thread 3300
=====================
0x77B0015D	NULL (NULL:0) (ntdll:0x77AE0000) ( 0x1169f52c, 0x1169f5a0, 0x0, 0xffffffff ) 
0x763E19F8	NULL (NULL:0) (kernel32:0x763D0000) ( 0x4, 0xfffde000, 0x0, 0xffffffff ) 
0x73FE8CAB	NULL (NULL:0) (asyncoremt:0x73FE0000) ( 0x1169f650, 0x10, 0x1169f71c, 0xffffffff ) 
0x73FE8C2D	NULL (NULL:0) (asyncoremt:0x73FE0000) ( 0x1169f650, 0x10, 0x1169f71c, 0xffffffff ) 
0x73FE8C73	NULL (NULL:0) (asyncoremt:0x73FE0000) ( 0x43ace0, 0x1169f650, 0x10, 0x1169f71c ) 
0x73FE541B	NULL (NULL:0) (asyncoremt:0x73FE0000) ( 0xffffffff, 0xffffffff, 0xffffffff, 0xdb394c8 ) 
0x7400AFB2	NULL (NULL:0) (asyncoremt:0x73FE0000) ( 0xdb394c8, 0xdb39820, 0xdb8f7f8, 0xdb3a2a0 ) 
0x740062AE	NULL (NULL:0) (asyncoremt:0x73FE0000) ( 0xdb39820, 0x0, 0x43f2d0, 0x43af08 ) 
0x74006694	NULL (NULL:0) (asyncoremt:0x73FE0000) ( 0xdb39820, 0x3827f101, 0x0, 0x43f2d0 ) 
0x6AD4F2E9	NULL (NULL:0) (MSVCR110:0x6AD20000) ( 0x0, 0x1169f81c, 0x763e338a, 0x43af08 ) 
0x6AD4F2CD	NULL (NULL:0) (MSVCR110:0x6AD20000) ( 0x43af08, 0x1169f85c, 0x77b19f72, 0x43af08 ) 
0x763E338A	NULL (NULL:0) (kernel32:0x763D0000) ( 0x43af08, 0x64f4d4ff, 0x0, 0x0 ) 
0x77B19F72	NULL (NULL:0) (ntdll:0x77AE0000) ( 0x6ad4f28e, 0x43af08, 0x0, 0x0 ) 

Thread 3100
=====================
0x77B0015D	NULL (NULL:0) (ntdll:0x77AE0000) ( 0x1200f984, 0x1200f9f8, 0x0, 0x0 ) 
0x763E19F8	NULL (NULL:0) (kernel32:0x763D0000) ( 0x4, 0xfffde000, 0x0, 0x0 ) 
0x73FE8CAB	NULL (NULL:0) (asyncoremt:0x73FE0000) ( 0x1200faa8, 0x10, 0x1200fb74, 0x0 ) 
0x73FE8C2D	NULL (NULL:0) (asyncoremt:0x73FE0000) ( 0x1200faa8, 0x10, 0x1200fb74, 0x0 ) 
0x73FE8C73	NULL (NULL:0) (asyncoremt:0x73FE0000) ( 0x43c2e8, 0x1200faa8, 0x10, 0x1200fb74 ) 
0x73FE541B	NULL (NULL:0) (asyncoremt:0x73FE0000) ( 0xffffffff, 0xffffffff, 0x0, 0x1 ) 
0x7400B016	NULL (NULL:0) (asyncoremt:0x73FE0000) ( 0xdb3a180, 0x0, 0xdb3a180, 0xdb3a550 ) 
0x74006CEA	NULL (NULL:0) (asyncoremt:0x73FE0000) ( 0xb39af8, 0x4282b8, 0x3fc090, 0xdb3a180 ) 
0x7400653D	NULL (NULL:0) (asyncoremt:0x73FE0000) ( 0xdb3a180, 0xdb3a260, 0xdb8f7f8, 0xdb3a550 ) 
0x740062AE	NULL (NULL:0) (asyncoremt:0x73FE0000) ( 0xdb3a260, 0x0, 0x446bf8, 0x43af08 ) 
0x74006694	NULL (NULL:0) (asyncoremt:0x73FE0000) ( 0xdb3a260, 0x3b4ef579, 0x0, 0x446bf8 ) 
0x6AD4F2E9	NULL (NULL:0) (MSVCR110:0x6AD20000) ( 0x0, 0x1200fc94, 0x763e338a, 0x43af08 ) 
0x6AD4F2CD	NULL (NULL:0) (MSVCR110:0x6AD20000) ( 0x43af08, 0x1200fcd4, 0x77b19f72, 0x43af08 ) 
0x763E338A	NULL (NULL:0) (kernel32:0x763D0000) ( 0x43af08, 0x679dd077, 0x0, 0x0 ) 
0x77B19F72	NULL (NULL:0) (ntdll:0x77AE0000) ( 0x6ad4f28e, 0x43af08, 0x0, 0x0 ) 

Thread 3808
=====================
0x77AFF8D1	NULL (NULL:0) (ntdll:0x77AE0000) ( 0x87c, 0xffffffff, 0x0, 0x1bee5c38 ) 
0x763E1194	NULL (NULL:0) (kernel32:0x763D0000) ( 0x87c, 0xffffffff, 0x0, 0x129ef9c4 ) 
0x763E1148	NULL (NULL:0) (kernel32:0x763D0000) ( 0x87c, 0xffffffff, 0x121578c8, 0x4dbf00 ) 
0x6AEBC139	NULL (NULL:0) (baselibmt:0x6AE00000) ( 0x1bee5c38, 0xdb3a760, 0x121578c8, 0x129efa50 ) 
0x042D9D2D	NULL (NULL:0) (xtop:0x009C0000) ( 0x121578c8, 0x6aebb443, 0x0, 0x121ad018 ) 
0x6AEBA366	NULL (NULL:0) (baselibmt:0x6AE00000) ( 0x3b67d8, 0x3bd0f38d, 0x0, 0x121ad018 ) 
0x6AD4F2E9	NULL (NULL:0) (MSVCR110:0x6AD20000) ( 0x0, 0x129efaa0, 0x763e338a, 0x4dbfd8 ) 
0x6AD4F2CD	NULL (NULL:0) (MSVCR110:0x6AD20000) ( 0x4dbfd8, 0x129efae0, 0x77b19f72, 0x4dbfd8 ) 
0x763E338A	NULL (NULL:0) (kernel32:0x763D0000) ( 0x4dbfd8, 0x6703d643, 0x0, 0x0 ) 
0x77B19F72	NULL (NULL:0) (ntdll:0x77AE0000) ( 0x6ad4f28e, 0x4dbfd8, 0x0, 0x0 ) 

Thread 5612
=====================
0x77B0015D	NULL (NULL:0) (ntdll:0x77AE0000) ( 0x0, 0x1332ff6c, 0x77b19f72, 0x121b1d58 ) 
0x763E338A	NULL (NULL:0) (kernel32:0x763D0000) ( 0x121b1d58, 0x66afd3cf, 0x0, 0x0 ) 
0x77B19F72	NULL (NULL:0) (ntdll:0x77AE0000) ( 0x77b32e65, 0x121b1d58, 0x0, 0x0 ) 

Thread 2776
=====================
0x77B01F46	NULL (NULL:0) (ntdll:0x77AE0000) ( 0x121b1f90, 0x13b7f8a4, 0x77b19f72, 0x121b1f90 ) 
0x763E338A	NULL (NULL:0) (kernel32:0x763D0000) ( 0x121b1f90, 0x662ad407, 0x0, 0x0 ) 
0x77B19F72	NULL (NULL:0) (ntdll:0x77AE0000) ( 0x77b33e85, 0x121b1f90, 0x0, 0x0 ) 

Thread 4556
=====================
0x77B0015D	NULL (NULL:0) (ntdll:0x77AE0000) ( 0x15c6fe14, 0x15c6fe88, 0x0, 0xffffffff ) 
0x763E19F8	NULL (NULL:0) (kernel32:0x763D0000) ( 0x2, 0xfffde000, 0x0, 0xffffffff ) 
0x763E4200	NULL (NULL:0) (kernel32:0x763D0000) ( 0x2, 0x15c6fee8, 0x0, 0xffffffff ) 
0x0626B878	NULL (NULL:0) (xtop:0x009C0000) ( 0x0, 0x15c6ff3c, 0x77b19f72, 0x0 ) 
0x763E338A	NULL (NULL:0) (kernel32:0x763D0000) ( 0x0, 0x605bd39f, 0x0, 0x0 ) 
0x77B19F72	NULL (NULL:0) (ntdll:0x77AE0000) ( 0x626b830, 0x0, 0x0, 0x0 ) 

Thread 5700
=====================
0x77AFF8D1	NULL (NULL:0) (ntdll:0x77AE0000) ( 0x54c, 0xffffffff, 0x0, 0x1178f400 ) 
0x763E1194	NULL (NULL:0) (kernel32:0x763D0000) ( 0x54c, 0xffffffff, 0x0, 0x17e2f8cc ) 
0x763E1148	NULL (NULL:0) (kernel32:0x763D0000) ( 0x54c, 0xffffffff, 0x1178f500, 0x77b02280 ) 
0x6E5F9807	NULL (NULL:0) (aticfx32:0x6E5C0000) ( 0x1178f400, 0x3a0b2848, 0x0, 0x0 ) 
0x6E614FB9	NULL (NULL:0) (aticfx32:0x6E5C0000) ( 0x17e2f918, 0x763e338a, 0x7511f8, 0x17e2f958 ) 
0x6E615055	NULL (NULL:0) (aticfx32:0x6E5C0000) ( 0x7511f8, 0x17e2f958, 0x77b19f72, 0x7511f8 ) 
0x763E338A	NULL (NULL:0) (kernel32:0x763D0000) ( 0x7511f8, 0x627fd5fb, 0x0, 0x0 ) 
0x77B19F72	NULL (NULL:0) (ntdll:0x77AE0000) ( 0x6e614fdf, 0x7511f8, 0x0, 0x0 ) 

Thread 5460
=====================
0x77AFF8D1	NULL (NULL:0) (ntdll:0x77AE0000) ( 0x588, 0xffffffff, 0x0, 0x3fc090 ) 
0x763E1194	NULL (NULL:0) (kernel32:0x763D0000) ( 0x588, 0xffffffff, 0x0, 0x19e4fb88 ) 
0x763E1148	NULL (NULL:0) (kernel32:0x763D0000) ( 0x588, 0xffffffff, 0x19e4fbb8, 0x74006381 ) 
0x6AE27BF7	NULL (NULL:0) (baselibmt:0x6AE00000) ( 0xffffffff, 0xdb404b0, 0xdb8f7f8, 0xdb3a868 ) 
0x74006381	NULL (NULL:0) (asyncoremt:0x73FE0000) ( 0xdb404b0, 0x0, 0x1203d590, 0x1203d1c8 ) 
0x74006694	NULL (NULL:0) (asyncoremt:0x73FE0000) ( 0xdb404b0, 0x30aaf50d, 0x0, 0x1203d590 ) 
0x6AD4F2E9	NULL (NULL:0) (MSVCR110:0x6AD20000) ( 0x0, 0x19e4fc20, 0x763e338a, 0x1203d1c8 ) 
0x6AD4F2CD	NULL (NULL:0) (MSVCR110:0x6AD20000) ( 0x1203d1c8, 0x19e4fc60, 0x77b19f72, 0x1203d1c8 ) 
0x763E338A	NULL (NULL:0) (kernel32:0x763D0000) ( 0x1203d1c8, 0x6c79d0c3, 0x0, 0x0 ) 
0x77B19F72	NULL (NULL:0) (ntdll:0x77AE0000) ( 0x6ad4f28e, 0x1203d1c8, 0x0, 0x0 ) 

Thread 5280
=====================
0x77AFF8D1	NULL (NULL:0) (ntdll:0x77AE0000) ( 0xae0, 0xffffffff, 0x0, 0x1bee5c38 ) 
0x763E1194	NULL (NULL:0) (kernel32:0x763D0000) ( 0xae0, 0xffffffff, 0x0, 0x1f87f6e8 ) 
0x763E1148	NULL (NULL:0) (kernel32:0x763D0000) ( 0xae0, 0xffffffff, 0x12157920, 0x15f52c00 ) 
0x6AEBC139	NULL (NULL:0) (baselibmt:0x6AE00000) ( 0x1bee5c38, 0xdb3aa78, 0x12157920, 0x1f87f774 ) 
0x042D9D2D	NULL (NULL:0) (xtop:0x009C0000) ( 0x12157920, 0x6aebb443, 0x0, 0x15f53bb0 ) 
0x6AEBA366	NULL (NULL:0) (baselibmt:0x6AE00000) ( 0x1ba278, 0x36c9fea9, 0x0, 0x15f53bb0 ) 
0x6AD4F2E9	NULL (NULL:0) (MSVCR110:0x6AD20000) ( 0x0, 0x1f87f7c4, 0x763e338a, 0x15f52c90 ) 
0x6AD4F2CD	NULL (NULL:0) (MSVCR110:0x6AD20000) ( 0x15f52c90, 0x1f87f804, 0x77b19f72, 0x15f52c90 ) 
0x763E338A	NULL (NULL:0) (kernel32:0x763D0000) ( 0x15f52c90, 0x6a1ad4a7, 0x0, 0x0 ) 
0x77B19F72	NULL (NULL:0) (ntdll:0x77AE0000) ( 0x6ad4f28e, 0x15f52c90, 0x0, 0x0 ) 

Thread 5232
=====================
0x77AFF8D1	NULL (NULL:0) (ntdll:0x77AE0000) ( 0xc78, 0xffffffff, 0x0, 0x1bee5c38 ) 
0x763E1194	NULL (NULL:0) (kernel32:0x763D0000) ( 0xc78, 0xffffffff, 0x0, 0x200af738 ) 
0x763E1148	NULL (NULL:0) (kernel32:0x763D0000) ( 0xc78, 0xffffffff, 0x12157978, 0x15f53700 ) 
0x6AEBC139	NULL (NULL:0) (baselibmt:0x6AE00000) ( 0x1bee5c38, 0xdb3ab80, 0x12157978, 0x200af7c4 ) 
0x042D9D2D	NULL (NULL:0) (xtop:0x009C0000) ( 0x12157978, 0x6aebb443, 0x0, 0x15f52c90 ) 
0x6AEBA366	NULL (NULL:0) (baselibmt:0x6AE00000) ( 0x1ba2e8, 0x944fef9, 0x0, 0x15f52c90 ) 
0x6AD4F2E9	NULL (NULL:0) (MSVCR110:0x6AD20000) ( 0x0, 0x200af814, 0x763e338a, 0x15f537e8 ) 
0x6AD4F2CD	NULL (NULL:0) (MSVCR110:0x6AD20000) ( 0x15f537e8, 0x200af854, 0x77b19f72, 0x15f537e8 ) 
0x763E338A	NULL (NULL:0) (kernel32:0x763D0000) ( 0x15f537e8, 0x5597d4f7, 0x0, 0x0 ) 
0x77B19F72	NULL (NULL:0) (ntdll:0x77AE0000) ( 0x6ad4f28e, 0x15f537e8, 0x0, 0x0 ) 

Thread 5620
=====================
0x77AFFD91	NULL (NULL:0) (ntdll:0x77AE0000) ( 0x3e8, 0x0, 0x2230fc80, 0x6ae02b94 ) 
0x75D444A5	NULL (NULL:0) (KERNELBASE:0x75D30000) ( 0x3e8, 0xc733d60, 0x6aeba2ef, 0x1 ) 
0x6AE02B94	NULL (NULL:0) (baselibmt:0x6AE00000) ( 0x3e8, 0x12057028, 0x52bbe20, 0x2230fce0 ) 
0x052BBF87	NULL (NULL:0) (xtop:0x009C0000) ( 0x28f184a8, 0xdb3a970, 0x15f53400, 0x12057028 ) 
0x6DA254B0	NULL (NULL:0) (coretools_sh:0x6D990000) ( 0x12057028, 0x230a9928, 0x230a9928, 0x2230fd98 ) 
0x6DA24D9C	NULL (NULL:0) (coretools_sh:0x6D990000) ( 0x230a9928, 0x6aebb443, 0x0, 0x15f53058 ) 
0x6AEBA366	NULL (NULL:0) (baselibmt:0x6AE00000) ( 0x1ba208, 0xb7ef4d5, 0x0, 0x15f53058 ) 
0x6AD4F2E9	NULL (NULL:0) (MSVCR110:0x6AD20000) ( 0x0, 0x2230fde8, 0x763e338a, 0x15f53420 ) 
0x6AD4F2CD	NULL (NULL:0) (MSVCR110:0x6AD20000) ( 0x15f53420, 0x2230fe28, 0x77b19f72, 0x15f53420 ) 
0x763E338A	NULL (NULL:0) (kernel32:0x763D0000) ( 0x15f53420, 0x57add28b, 0x0, 0x0 ) 
0x77B19F72	NULL (NULL:0) (ntdll:0x77AE0000) ( 0x6ad4f28e, 0x15f53420, 0x0, 0x0 ) 

Thread 6092
=====================
0x77AFF8D1	NULL (NULL:0) (ntdll:0x77AE0000) ( 0x1dc, 0x5, 0x0, 0x7403d3c8 ) 
0x763E1194	NULL (NULL:0) (kernel32:0x763D0000) ( 0x1dc, 0x5, 0x0, 0x32ccfb34 ) 
0x763E1148	NULL (NULL:0) (kernel32:0x763D0000) ( 0x1dc, 0x5, 0xdb53170, 0x32ccfb68 ) 
0x6AE27BC4	NULL (NULL:0) (baselibmt:0x6AE00000) ( 0x32ccfb4c, 0xdb3ad90, 0xdb53170, 0x2301d900 ) 
0x74009649	NULL (NULL:0) (asyncoremt:0x73FE0000) ( 0x1b53170, 0x7403c408, 0x6aeba376, 0x7403c408 ) 
0x74009E25	NULL (NULL:0) (asyncoremt:0x73FE0000) ( 0x1ba4a8, 0x1b82f521, 0x0, 0x2301e518 ) 
0x6AD4F2E9	NULL (NULL:0) (MSVCR110:0x6AD20000) ( 0x0, 0x32ccfc3c, 0x763e338a, 0x2301d9c0 ) 
0x6AD4F2CD	NULL (NULL:0) (MSVCR110:0x6AD20000) ( 0x2301d9c0, 0x32ccfc7c, 0x77b19f72, 0x2301d9c0 ) 
0x763E338A	NULL (NULL:0) (kernel32:0x763D0000) ( 0x2301d9c0, 0x4751d0df, 0x0, 0x0 ) 
0x77B19F72	NULL (NULL:0) (ntdll:0x77AE0000) ( 0x6ad4f28e, 0x2301d9c0, 0x0, 0x0 ) 

Thread 3176
=====================
0x77AFF8D1	NULL (NULL:0) (ntdll:0x77AE0000) ( 0x1dc, 0x5, 0x0, 0x7403d3c8 ) 
0x763E1194	NULL (NULL:0) (kernel32:0x763D0000) ( 0x1dc, 0x5, 0x0, 0x3364f914 ) 
0x763E1148	NULL (NULL:0) (kernel32:0x763D0000) ( 0x1dc, 0x5, 0xdb51ab0, 0x3364f948 ) 
0x6AE27BC4	NULL (NULL:0) (baselibmt:0x6AE00000) ( 0x3364f92c, 0xdb3ae98, 0xdb51ab0, 0x2301d900 ) 
0x74009649	NULL (NULL:0) (asyncoremt:0x73FE0000) ( 0x1b51ab0, 0x7403c3c8, 0x6aeba376, 0x7403c3c8 ) 
0x74009E25	NULL (NULL:0) (asyncoremt:0x73FE0000) ( 0x1ba518, 0x1a2af301, 0x0, 0x2301eca8 ) 
0x6AD4F2E9	NULL (NULL:0) (MSVCR110:0x6AD20000) ( 0x0, 0x3364fa1c, 0x763e338a, 0x2301d9c0 ) 
0x6AD4F2CD	NULL (NULL:0) (MSVCR110:0x6AD20000) ( 0x2301d9c0, 0x3364fa5c, 0x77b19f72, 0x2301d9c0 ) 
0x763E338A	NULL (NULL:0) (kernel32:0x763D0000) ( 0x2301d9c0, 0x46f9d6ff, 0x0, 0x0 ) 
0x77B19F72	NULL (NULL:0) (ntdll:0x77AE0000) ( 0x6ad4f28e, 0x2301d9c0, 0x0, 0x0 ) 

Thread 2844
=====================
0x77AFF8D1	NULL (NULL:0) (ntdll:0x77AE0000) ( 0x9e8, 0xffffffff, 0x0, 0x3fc090 ) 
0x763E1194	NULL (NULL:0) (kernel32:0x763D0000) ( 0x9e8, 0xffffffff, 0x0, 0x33f3fa64 ) 
0x763E1148	NULL (NULL:0) (kernel32:0x763D0000) ( 0x9e8, 0xffffffff, 0x33f3fa94, 0x74006381 ) 
0x6AE27BF7	NULL (NULL:0) (baselibmt:0x6AE00000) ( 0xffffffff, 0xdb51a30, 0xdb8f7f8, 0xdb3ac88 ) 
0x74006381	NULL (NULL:0) (asyncoremt:0x73FE0000) ( 0xdb51a30, 0x0, 0x2301dd88, 0x2301e150 ) 
0x74006694	NULL (NULL:0) (asyncoremt:0x73FE0000) ( 0xdb51a30, 0x1abdf3e1, 0x0, 0x2301dd88 ) 
0x6AD4F2E9	NULL (NULL:0) (MSVCR110:0x6AD20000) ( 0x0, 0x33f3fafc, 0x763e338a, 0x2301e150 ) 
0x6AD4F2CD	NULL (NULL:0) (MSVCR110:0x6AD20000) ( 0x2301e150, 0x33f3fb3c, 0x77b19f72, 0x2301e150 ) 
0x763E338A	NULL (NULL:0) (kernel32:0x763D0000) ( 0x2301e150, 0x466ed79f, 0x0, 0x0 ) 
0x77B19F72	NULL (NULL:0) (ntdll:0x77AE0000) ( 0x6ad4f28e, 0x2301e150, 0x0, 0x0 ) 

Thread 6072
=====================
0x77AFF8D1	NULL (NULL:0) (ntdll:0x77AE0000) ( 0x9e0, 0xea60, 0x0, 0x3fc090 ) 
0x763E1194	NULL (NULL:0) (kernel32:0x763D0000) ( 0x9e0, 0xea60, 0x0, 0x3486fe24 ) 
0x763E1148	NULL (NULL:0) (kernel32:0x763D0000) ( 0x9e0, 0xea60, 0x3486fe54, 0x74006381 ) 
0x6AE27BF7	NULL (NULL:0) (baselibmt:0x6AE00000) ( 0xea60, 0xdb51a70, 0xdb8f7f8, 0xdb3afa0 ) 
0x74006381	NULL (NULL:0) (asyncoremt:0x73FE0000) ( 0xdb51a70, 0x0, 0x2301f438, 0x2301e150 ) 
0x74006694	NULL (NULL:0) (asyncoremt:0x73FE0000) ( 0xdb51a70, 0x1dc8f7a1, 0x0, 0x2301f438 ) 
0x6AD4F2E9	NULL (NULL:0) (MSVCR110:0x6AD20000) ( 0x0, 0x3486febc, 0x763e338a, 0x2301e150 ) 
0x6AD4F2CD	NULL (NULL:0) (MSVCR110:0x6AD20000) ( 0x2301e150, 0x3486fefc, 0x77b19f72, 0x2301e150 ) 
0x763E338A	NULL (NULL:0) (kernel32:0x763D0000) ( 0x2301e150, 0x411bd25f, 0x0, 0x0 ) 
0x77B19F72	NULL (NULL:0) (ntdll:0x77AE0000) ( 0x6ad4f28e, 0x2301e150, 0x0, 0x0 ) 

Thread 1424
=====================
0x77AFF8D1	NULL (NULL:0) (ntdll:0x77AE0000) ( 0x9a4, 0xffffffff, 0x0, 0x3fc090 ) 
0x763E1194	NULL (NULL:0) (kernel32:0x763D0000) ( 0x9a4, 0xffffffff, 0x0, 0x3031f8a8 ) 
0x763E1148	NULL (NULL:0) (kernel32:0x763D0000) ( 0x9a4, 0xffffffff, 0x3031f8d8, 0x74006381 ) 
0x6AE27BF7	NULL (NULL:0) (baselibmt:0x6AE00000) ( 0xffffffff, 0xdb52678, 0xdb8f7f8, 0xdb3b0a8 ) 
0x74006381	NULL (NULL:0) (asyncoremt:0x73FE0000) ( 0xdb52678, 0x0, 0x2301fbc8, 0x2301e150 ) 
0x74006694	NULL (NULL:0) (asyncoremt:0x73FE0000) ( 0xdb52678, 0x197ff02d, 0x0, 0x2301fbc8 ) 
0x6AD4F2E9	NULL (NULL:0) (MSVCR110:0x6AD20000) ( 0x0, 0x3031f940, 0x763e338a, 0x2301e150 ) 
0x6AD4F2CD	NULL (NULL:0) (MSVCR110:0x6AD20000) ( 0x2301e150, 0x3031f980, 0x77b19f72, 0x2301e150 ) 
0x763E338A	NULL (NULL:0) (kernel32:0x763D0000) ( 0x2301e150, 0x45acd523, 0x0, 0x0 ) 
0x77B19F72	NULL (NULL:0) (ntdll:0x77AE0000) ( 0x6ad4f28e, 0x2301e150, 0x0, 0x0 ) 

Thread 5444
=====================
0x77AFF8D1	NULL (NULL:0) (ntdll:0x77AE0000) ( 0x1dc, 0x5, 0x0, 0x7403d3c8 ) 
0x763E1194	NULL (NULL:0) (kernel32:0x763D0000) ( 0x1dc, 0x5, 0x0, 0x2ac3fb7c ) 
0x763E1148	NULL (NULL:0) (kernel32:0x763D0000) ( 0x1dc, 0x5, 0xdb54ed0, 0x2ac3fbb0 ) 
0x6AE27BC4	NULL (NULL:0) (baselibmt:0x6AE00000) ( 0x2ac3fb94, 0xdb3b2b8, 0xdb54ed0, 0x23020700 ) 
0x74009649	NULL (NULL:0) (asyncoremt:0x73FE0000) ( 0x1b54ed0, 0x7403c448, 0x6aeba376, 0x7403c448 ) 
0x74009E25	NULL (NULL:0) (asyncoremt:0x73FE0000) ( 0x1ba748, 0x38df569, 0x0, 0x23021278 ) 
0x6AD4F2E9	NULL (NULL:0) (MSVCR110:0x6AD20000) ( 0x0, 0x2ac3fc84, 0x763e338a, 0x23020720 ) 
0x6AD4F2CD	NULL (NULL:0) (MSVCR110:0x6AD20000) ( 0x23020720, 0x2ac3fcc4, 0x77b19f72, 0x23020720 ) 
0x763E338A	NULL (NULL:0) (kernel32:0x763D0000) ( 0x23020720, 0x5f5ed067, 0x0, 0x0 ) 
0x77B19F72	NULL (NULL:0) (ntdll:0x77AE0000) ( 0x6ad4f28e, 0x23020720, 0x0, 0x0 ) 

Thread 3500
=====================
0x77AFF8D1	NULL (NULL:0) (ntdll:0x77AE0000) ( 0xd30, 0xffffffff, 0x0, 0x121ba678 ) 
0x763E1194	NULL (NULL:0) (kernel32:0x763D0000) ( 0xd30, 0xffffffff, 0x0, 0x2a3ef9f8 ) 
0x763E1148	NULL (NULL:0) (kernel32:0x763D0000) ( 0xd30, 0xffffffff, 0x6af585d0, 0x2a3efa6c ) 
0x6AE27BC4	NULL (NULL:0) (baselibmt:0x6AE00000) ( 0x2a3efa38, 0x0, 0x15f54e98, 0x23020720 ) 
0x6AEBB69B	NULL (NULL:0) (baselibmt:0x6AE00000) ( 0x1ba668, 0x370f3a1, 0x0, 0x15f54e98 ) 
0x6AD4F2E9	NULL (NULL:0) (MSVCR110:0x6AD20000) ( 0x0, 0x2a3efabc, 0x763e338a, 0x23020720 ) 
0x6AD4F2CD	NULL (NULL:0) (MSVCR110:0x6AD20000) ( 0x23020720, 0x2a3efafc, 0x77b19f72, 0x23020720 ) 
0x763E338A	NULL (NULL:0) (kernel32:0x763D0000) ( 0x23020720, 0x5fa3d65f, 0x0, 0x0 ) 
0x77B19F72	NULL (NULL:0) (ntdll:0x77AE0000) ( 0x6ad4f28e, 0x23020720, 0x0, 0x0 ) 

Thread 2856
=====================
0x77AFF8D1	NULL (NULL:0) (ntdll:0x77AE0000) ( 0xad0, 0xffffffff, 0x0, 0x121ba7c8 ) 
0x763E1194	NULL (NULL:0) (kernel32:0x763D0000) ( 0xad0, 0xffffffff, 0x0, 0x2e25f7fc ) 
0x763E1148	NULL (NULL:0) (kernel32:0x763D0000) ( 0xad0, 0xffffffff, 0x37018128, 0x2e25f870 ) 
0x6AE27BC4	NULL (NULL:0) (baselibmt:0x6AE00000) ( 0x2e25f83c, 0x0, 0x23020720, 0x15f55260 ) 
0x6AEBB69B	NULL (NULL:0) (baselibmt:0x6AE00000) ( 0x1ba7b8, 0x76bf1ad, 0x0, 0x23020720 ) 
0x6AD4F2E9	NULL (NULL:0) (MSVCR110:0x6AD20000) ( 0x0, 0x2e25f8c0, 0x763e338a, 0x15f55260 ) 
0x6AD4F2CD	NULL (NULL:0) (MSVCR110:0x6AD20000) ( 0x15f55260, 0x2e25f900, 0x77b19f72, 0x15f55260 ) 
0x763E338A	NULL (NULL:0) (kernel32:0x763D0000) ( 0x15f55260, 0x5bb8d5a3, 0x0, 0x0 ) 
0x77B19F72	NULL (NULL:0) (ntdll:0x77AE0000) ( 0x6ad4f28e, 0x15f55260, 0x0, 0x0 ) 

Thread 2952
=====================
0x77AFF8D1	NULL (NULL:0) (ntdll:0x77AE0000) ( 0xd58, 0xffffffff, 0x0, 0x121ba838 ) 
0x763E1194	NULL (NULL:0) (kernel32:0x763D0000) ( 0xd58, 0xffffffff, 0x0, 0x3132fe64 ) 
0x763E1148	NULL (NULL:0) (kernel32:0x763D0000) ( 0xd58, 0xffffffff, 0x6af585d0, 0x3132fed8 ) 
0x6AE27BC4	NULL (NULL:0) (baselibmt:0x6AE00000) ( 0x3132fea4, 0x0, 0x226fd8d8, 0x226fcd80 ) 
0x6AEBB69B	NULL (NULL:0) (baselibmt:0x6AE00000) ( 0x1ba828, 0x187cf615, 0x0, 0x226fd8d8 ) 
0x6AD4F2E9	NULL (NULL:0) (MSVCR110:0x6AD20000) ( 0x0, 0x3132ff28, 0x763e338a, 0x226fcd80 ) 
0x6AD4F2CD	NULL (NULL:0) (MSVCR110:0x6AD20000) ( 0x226fcd80, 0x3132ff68, 0x77b19f72, 0x226fcd80 ) 
0x763E338A	NULL (NULL:0) (kernel32:0x763D0000) ( 0x226fcd80, 0x44afd3cb, 0x0, 0x0 ) 
0x77B19F72	NULL (NULL:0) (ntdll:0x77AE0000) ( 0x6ad4f28e, 0x226fcd80, 0x0, 0x0 ) 

Thread 5300
=====================
0x77B01F46	NULL (NULL:0) (ntdll:0x77AE0000) ( 0x12203430, 0x3dcffbd4, 0x77b19f72, 0x12203430 ) 
0x763E338A	NULL (NULL:0) (kernel32:0x763D0000) ( 0x12203430, 0x4852d777, 0x0, 0x0 ) 
0x77B19F72	NULL (NULL:0) (ntdll:0x77AE0000) ( 0x77b33e85, 0x12203430, 0x0, 0x0 ) 

Thread 5084
=====================
0x77B01F46	NULL (NULL:0) (ntdll:0x77AE0000) ( 0x122027a0, 0x3fc0f800, 0x77b19f72, 0x122027a0 ) 
0x763E338A	NULL (NULL:0) (kernel32:0x763D0000) ( 0x122027a0, 0x4a5dd4a3, 0x0, 0x0 ) 
0x77B19F72	NULL (NULL:0) (ntdll:0x77AE0000) ( 0x77b33e85, 0x122027a0, 0x0, 0x0 ) 

Thread 4116
=====================
0x77B01F46	NULL (NULL:0) (ntdll:0x77AE0000) ( 0x122027a0, 0x40cdf92c, 0x77b19f72, 0x122027a0 ) 
0x763E338A	NULL (NULL:0) (kernel32:0x763D0000) ( 0x122027a0, 0x3550d58f, 0x0, 0x0 ) 
0x77B19F72	NULL (NULL:0) (ntdll:0x77AE0000) ( 0x77b33e85, 0x122027a0, 0x0, 0x0 ) 
